<?xml version="1.0" encoding="UTF-8"?>
<!-- Generated by org.testng.reporters.JUnitXMLReporter -->
<testsuite ignored="0" hostname="HTSPC91" failures="1" tests="1" name="Test" time="0.784" errors="0" timestamp="05 Apr 2019 07:34:55 GMT">
  <testcase classname="cucumber.api.testng.AbstractTestNGCucumberTests" name="feature" time="0.232">
    <failure type="cucumber.runtime.CucumberException" message="cucumber.runtime.CucumberException: When a hook declares an argument it must be of type cucumber.api.Scenario. public void stepDefinition.BaseTests.browserstate(java.lang.String)">
      <![CDATA[cucumber.runtime.CucumberException: cucumber.runtime.CucumberException: When a hook declares an argument it must be of type cucumber.api.Scenario. public void stepDefinition.BaseTests.browserstate(java.lang.String)
at cucumber.api.testng.TestNGCucumberRunner.runCucumber(TestNGCucumberRunner.java:69)
at cucumber.api.testng.AbstractTestNGCucumberTests.feature(AbstractTestNGCucumberTests.java:21)
Caused by: cucumber.runtime.CucumberException: When a hook declares an argument it must be of type cucumber.api.Scenario. public void stepDefinition.BaseTests.browserstate(java.lang.String)
at cucumber.runtime.java.JavaHookDefinition.execute(JavaHookDefinition.java:52)
at cucumber.runtime.Runtime.runHookIfTagsMatch(Runtime.java:224)
at cucumber.runtime.Runtime.runHooks(Runtime.java:212)
at cucumber.runtime.Runtime.runBeforeHooks(Runtime.java:202)
at cucumber.runtime.model.CucumberScenario.run(CucumberScenario.java:40)
at cucumber.runtime.model.CucumberFeature.run(CucumberFeature.java:165)
at cucumber.api.testng.TestNGCucumberRunner.runCucumber(TestNGCucumberRunner.java:63)
... 26 more
... Removed 25 stack frames]]>
    </failure>
  </testcase> <!-- feature -->
</testsuite> <!-- Test -->
